<?xml version="1.0" encoding="UTF-8"?>
<testng-results skipped="0" failed="1" ignored="0" total="4" passed="3">
  <reporter-output>
  </reporter-output>
  <suite name="Suite" duration-ms="36293" started-at="2018-08-09T06:40:57Z" finished-at="2018-08-09T06:41:33Z">
    <groups>
    </groups>
    <test name="Test" duration-ms="3083" started-at="2018-08-09T06:40:57Z" finished-at="2018-08-09T06:41:00Z">
      <class name="test1.com.Test_Browser">
        <test-method status="PASS" signature="launch()[pri:0, instance:test1.com.Test_Browser@2a5ca609]" name="launch" duration-ms="3055" started-at="2018-08-09T12:10:57Z" finished-at="2018-08-09T12:11:00Z">
          <reporter-output>
          </reporter-output>
        </test-method> <!-- launch -->
      </class> <!-- test1.com.Test_Browser -->
    </test> <!-- Test -->
    <test name="Test1" duration-ms="13282" started-at="2018-08-09T06:41:00Z" finished-at="2018-08-09T06:41:14Z">
      <class name="test1.com.Test789">
        <test-method status="PASS" signature="exec()[pri:0, instance:test1.com.Test789@46d56d67]" name="exec" is-config="true" duration-ms="12435" started-at="2018-08-09T12:11:00Z" finished-at="2018-08-09T12:11:13Z">
          <reporter-output>
          </reporter-output>
        </test-method> <!-- exec -->
        <test-method status="FAIL" signature="test()[pri:0, instance:test1.com.Test789@46d56d67]" name="test" duration-ms="464" started-at="2018-08-09T12:11:13Z" finished-at="2018-08-09T12:11:13Z">
          <exception class="java.lang.AssertionError">
            <message>
              <![CDATA[expected [Google] but found [Introduction to Headless Chrome]]]>
            </message>
            <full-stacktrace>
              <![CDATA[java.lang.AssertionError: expected [Google] but found [Introduction to Headless Chrome]
	at org.testng.Assert.fail(Assert.java:94)
	at org.testng.Assert.failNotEquals(Assert.java:513)
	at org.testng.Assert.assertEqualsImpl(Assert.java:135)
	at org.testng.Assert.assertEquals(Assert.java:116)
	at org.testng.Assert.assertEquals(Assert.java:190)
	at org.testng.Assert.assertEquals(Assert.java:200)
	at test1.com.Test789.test(Test789.java:44)
	at sun.reflect.NativeMethodAccessorImpl.invoke0(Native Method)
	at sun.reflect.NativeMethodAccessorImpl.invoke(Unknown Source)
	at sun.reflect.DelegatingMethodAccessorImpl.invoke(Unknown Source)
	at java.lang.reflect.Method.invoke(Unknown Source)
	at org.testng.internal.MethodInvocationHelper.invokeMethod(MethodInvocationHelper.java:104)
	at org.testng.internal.Invoker.invokeMethod(Invoker.java:645)
	at org.testng.internal.Invoker.invokeTestMethod(Invoker.java:851)
	at org.testng.internal.Invoker.invokeTestMethods(Invoker.java:1177)
	at org.testng.internal.TestMethodWorker.invokeTestMethods(TestMethodWorker.java:129)
	at org.testng.internal.TestMethodWorker.run(TestMethodWorker.java:112)
	at org.testng.TestRunner.privateRun(TestRunner.java:756)
	at org.testng.TestRunner.run(TestRunner.java:610)
	at org.testng.SuiteRunner.runTest(SuiteRunner.java:387)
	at org.testng.SuiteRunner.runSequentially(SuiteRunner.java:382)
	at org.testng.SuiteRunner.privateRun(SuiteRunner.java:340)
	at org.testng.SuiteRunner.run(SuiteRunner.java:289)
	at org.testng.SuiteRunnerWorker.runSuite(SuiteRunnerWorker.java:52)
	at org.testng.SuiteRunnerWorker.run(SuiteRunnerWorker.java:86)
	at org.testng.TestNG.runSuitesSequentially(TestNG.java:1293)
	at org.testng.TestNG.runSuitesLocally(TestNG.java:1218)
	at org.testng.TestNG.runSuites(TestNG.java:1133)
	at org.testng.TestNG.run(TestNG.java:1104)
	at org.testng.remote.AbstractRemoteTestNG.run(AbstractRemoteTestNG.java:132)
	at org.testng.remote.RemoteTestNG.initAndRun(RemoteTestNG.java:230)
	at org.testng.remote.RemoteTestNG.main(RemoteTestNG.java:76)
]]>
            </full-stacktrace>
          </exception> <!-- java.lang.AssertionError -->
          <reporter-output>
          </reporter-output>
        </test-method> <!-- test -->
        <test-method status="PASS" signature="EndTest()[pri:0, instance:test1.com.Test789@46d56d67]" name="EndTest" is-config="true" duration-ms="375" started-at="2018-08-09T12:11:13Z" finished-at="2018-08-09T12:11:14Z">
          <reporter-output>
          </reporter-output>
        </test-method> <!-- EndTest -->
      </class> <!-- test1.com.Test789 -->
    </test> <!-- Test1 -->
    <test name="test2" duration-ms="10701" started-at="2018-08-09T06:41:14Z" finished-at="2018-08-09T06:41:24Z">
      <class name="test1.com.Test910">
        <test-method status="PASS" signature="exec()[pri:0, instance:test1.com.Test910@29774679]" name="exec" is-config="true" duration-ms="10688" started-at="2018-08-09T12:11:14Z" finished-at="2018-08-09T12:11:24Z">
          <reporter-output>
          </reporter-output>
        </test-method> <!-- exec -->
        <test-method status="PASS" signature="sts()[pri:0, instance:test1.com.Test910@29774679]" name="sts" duration-ms="10" started-at="2018-08-09T12:11:24Z" finished-at="2018-08-09T12:11:24Z">
          <reporter-output>
          </reporter-output>
        </test-method> <!-- sts -->
      </class> <!-- test1.com.Test910 -->
    </test> <!-- test2 -->
    <test name="test3" duration-ms="9180" started-at="2018-08-09T06:41:24Z" finished-at="2018-08-09T06:41:33Z">
      <class name="test1.com.Test101">
        <test-method status="PASS" signature="exec()[pri:0, instance:test1.com.Test101@27efef64]" name="exec" is-config="true" duration-ms="7159" started-at="2018-08-09T12:11:24Z" finished-at="2018-08-09T12:11:31Z">
          <reporter-output>
          </reporter-output>
        </test-method> <!-- exec -->
        <test-method status="PASS" signature="sts()[pri:0, instance:test1.com.Test101@27efef64]" name="sts" duration-ms="2015" started-at="2018-08-09T12:11:31Z" finished-at="2018-08-09T12:11:33Z">
          <reporter-output>
          </reporter-output>
        </test-method> <!-- sts -->
      </class> <!-- test1.com.Test101 -->
      <class name="test1.com.Test_Browser">
        <test-method status="PASS" signature="close_Browser()[pri:0, instance:test1.com.Test_Browser@2a5ca609]" name="close_Browser" is-config="true" duration-ms="611" started-at="2018-08-09T12:11:33Z" finished-at="2018-08-09T12:11:34Z">
          <reporter-output>
          </reporter-output>
        </test-method> <!-- close_Browser -->
      </class> <!-- test1.com.Test_Browser -->
    </test> <!-- test3 -->
  </suite> <!-- Suite -->
</testng-results>
