<?xml version="1.0" encoding="UTF-8"?>
<testng-results skipped="0" failed="0" ignored="0" total="1" passed="1">
  <reporter-output>
  </reporter-output>
  <suite name="Default suite" duration-ms="3222" started-at="2018-08-10T09:09:46Z" finished-at="2018-08-10T09:09:49Z">
    <groups>
    </groups>
    <test name="Default test" duration-ms="3222" started-at="2018-08-10T09:09:46Z" finished-at="2018-08-10T09:09:49Z">
      <class name="Drp_1">
        <test-method status="PASS" signature="htm()[pri:0, instance:Drp_1@4520ebad]" name="htm" duration-ms="3192" started-at="2018-08-10T14:39:46Z" finished-at="2018-08-10T14:39:49Z">
          <reporter-output>
          </reporter-output>
        </test-method> <!-- htm -->
      </class> <!-- Drp_1 -->
    </test> <!-- Default test -->
  </suite> <!-- Default suite -->
</testng-results>
