<?xml version="1.0" encoding="UTF-8"?>
<!-- Generated by org.testng.reporters.JUnitXMLReporter -->
<testsuite hostname="VAD011020721" ignored="0" name="test3" tests="2" failures="0" timestamp="09 Aug 2018 12:56:58 GMT" time="0.06" errors="0">
  <testcase name="@BeforeTest exec" time="0.0" classname="test1.com.Test789">
    <failure type="java.lang.NullPointerException">
      <![CDATA[java.lang.NullPointerException
	at test1.com.Test_Browser.init_Browser(Test_Browser.java:23)
	at test1.com.Test789.exec(Test789.java:20)
... Removed 23 stack frames]]>
    </failure>
  </testcase> <!-- @BeforeTest exec -->
  <testcase name="@AfterTest EndTest" time="0.0" classname="test1.com.Test789">
    <skipped/>
  </testcase> <!-- @AfterTest EndTest -->
  <testcase name="launch" time="0.002" classname="test1.com.Test_Browser">
    <skipped/>
  </testcase> <!-- launch -->
  <testcase name="test" time="0.002" classname="test1.com.Test789">
    <skipped/>
  </testcase> <!-- test -->
</testsuite> <!-- test3 -->
