<?xml version="1.0" encoding="UTF-8"?>
<!-- Generated by org.testng.reporters.JUnitXMLReporter -->
<testsuite hostname="VAD011020721" ignored="0" name="Test1" tests="1" failures="1" timestamp="09 Aug 2018 06:41:14 GMT" time="13.282" errors="0">
  <testcase name="test" time="0.464" classname="test1.com.Test789">
    <failure type="java.lang.AssertionError" message="expected [Google] but found [Introduction to Headless Chrome]">
      <![CDATA[java.lang.AssertionError: expected [Google] but found [Introduction to Headless Chrome]
	at test1.com.Test789.test(Test789.java:44)
... Removed 31 stack frames]]>
    </failure>
  </testcase> <!-- test -->
</testsuite> <!-- Test1 -->
