<?xml version="1.0" encoding="UTF-8"?>
<!-- Generated by org.testng.reporters.JUnitXMLReporter -->
<testsuite hostname="VAD011020105" name="Test" tests="1" failures="1" timestamp="29 Jun 2018 12:59:14 GMT" time="48.88" errors="0">
  <testcase name="Fun1" time="48.844" classname="COM.Demo">
    <failure type="org.openqa.selenium.WebDriverException" message="Failed to connect to binary FirefoxBinary(C:\Program Files (x86)\Mozilla Firefox\firefox.exe) on port 7055; process output follows: 
JavaScript error: resource://gre/modules/AddonManager.jsm, line 1619543:0 27N7S1_0E9R6R3O3R	_dNdOoTns_.mNanIaTgIeArL	IDZEEBDU:G 	AAdpdpolniMcaantaigoenr  hiass  nboete ni nuiptgiraaldiezded
1
530277109635	addons.manager	ERROR	startup failed: [Exception... &amp;quot;Component returned failure code: 0x80520015 (NS_ERROR_FILE_ACCESS_DENIED) [nsIFile.create]&amp;quot;  nsresult: &amp;quot;0x80520015 (NS_ERROR_FILE_ACCESS_DENIED)&amp;quot;  location: &amp;quot;JS frame :: resource://gre/modules/FileUtils.jsm :: FileUtils_getDir :: line 70&amp;quot;  data: no] Stack trace: FileUtils_getDir()@resource://gre/modules/FileUtils.jsm:70 &amp;lt; FileUtils_getFile()@resource://gre/modules/FileUtils.jsm:42 &amp;lt; AMI_validateBlocklist()@resource://gre/modules/AddonManager.jsm:738 &amp;lt; AMI_startup()@resource://gre/modules/AddonManager.jsm:898 &amp;lt; AMP_startup()@resource://gre/modules/AddonManager.jsm:2673 &amp;lt; AMC_observe()@resource://gre/components/addonManager.js:58 &amp;lt; &amp;lt;file:unknown&amp;gt;
1530277109636	addons.manager	DEBUG	Completed startup sequence
JavaScript error: resource:///modules/devtools/gDevTools.jsm, line 967: NS_ERROR_UNEXPECTED: Component returned failure code: 0x8000ffff (NS_ERROR_UNEXPECTED) [nsIPrefBranch.getCharPref]

Build info: version: &amp;apos;2.53.0&amp;apos;, revision: &amp;apos;35ae25b&amp;apos;, time: &amp;apos;2016-03-15 17:00:58&amp;apos;
System info: host: &amp;apos;VAD011020105&amp;apos;, ip: &amp;apos;204.61.66.5&amp;apos;, os.name: &amp;apos;Windows 7&amp;apos;, os.arch: &amp;apos;amd64&amp;apos;, os.version: &amp;apos;6.1&amp;apos;, java.version: &amp;apos;1.7.0_45&amp;apos;
Driver info: driver.version: FirefoxDriver">
      <![CDATA[org.openqa.selenium.WebDriverException: Failed to connect to binary FirefoxBinary(C:\Program Files (x86)\Mozilla Firefox\firefox.exe) on port 7055; process output follows: 
JavaScript error: resource://gre/modules/AddonManager.jsm, line 1619543:0 27N7S1_0E9R6R3O3R	_dNdOoTns_.mNanIaTgIeArL	IDZEEBDU:G 	AAdpdpolniMcaantaigoenr  hiass  nboete ni nuiptgiraaldiezde
d

1
530277109635	addons.manager	ERROR	startup failed: [Exception... "Component returned failure code: 0x80520015 (NS_ERROR_FILE_ACCESS_DENIED) [nsIFile.create]"  nsresult: "0x80520015 (NS_ERROR_FILE_ACCESS_DENIED)"  location: "JS frame :: resource://gre/modules/FileUtils.jsm :: FileUtils_getDir :: line 70"  data: no] Stack trace: FileUtils_getDir()@resource://gre/modules/FileUtils.jsm:70 < FileUtils_getFile()@resource://gre/modules/FileUtils.jsm:42 < AMI_validateBlocklist()@resource://gre/modules/AddonManager.jsm:738 < AMI_startup()@resource://gre/modules/AddonManager.jsm:898 < AMP_startup()@resource://gre/modules/AddonManager.jsm:2673 < AMC_observe()@resource://gre/components/addonManager.js:58 < <file:unknown>
1530277109636	addons.manager	DEBUG	Completed startup sequence
JavaScript error: resource:///modules/devtools/gDevTools.jsm, line 967: NS_ERROR_UNEXPECTED: Component returned failure code: 0x8000ffff (NS_ERROR_UNEXPECTED) [nsIPrefBranch.getCharPref]

Build info: version: '2.53.0', revision: '35ae25b', time: '2016-03-15 17:00:58'
System info: host: 'VAD011020105', ip: '204.61.66.5', os.name: 'Windows 7', os.arch: 'amd64', os.version: '6.1', java.version: '1.7.0_45'
Driver info: driver.version: FirefoxDriver
	at org.openqa.selenium.firefox.internal.NewProfileExtensionConnection.start(NewProfileExtensionConnection.java:124)
	at org.openqa.selenium.firefox.FirefoxDriver.startClient(FirefoxDriver.java:271)
	at org.openqa.selenium.remote.RemoteWebDriver.<init>(RemoteWebDriver.java:119)
	at org.openqa.selenium.firefox.FirefoxDriver.<init>(FirefoxDriver.java:218)
	at org.openqa.selenium.firefox.FirefoxDriver.<init>(FirefoxDriver.java:211)
	at org.openqa.selenium.firefox.FirefoxDriver.<init>(FirefoxDriver.java:207)
	at org.openqa.selenium.firefox.FirefoxDriver.<init>(FirefoxDriver.java:120)
	at COM.Demo.Fun1(Demo.java:17)
Caused by: org.openqa.selenium.firefox.NotConnectedException: Unable to connect to host 127.0.0.1 on port 7055 after 45000 ms. Firefox console output:
JavaScript error: resource://gre/modules/AddonManager.jsm, line 1619543:0 27N7S1_0E9R6R3O3R	_dNdOoTns_.mNanIaTgIeArL	IDZEEBDU:G 	AAdpdpolniMcaantaigoenr  hiass  nboete ni nuiptgiraaldiezde
d

1
530277109635	addons.manager	ERROR	startup failed: [Exception... "Component returned failure code: 0x80520015 (NS_ERROR_FILE_ACCESS_DENIED) [nsIFile.create]"  nsresult: "0x80520015 (NS_ERROR_FILE_ACCESS_DENIED)"  location: "JS frame :: resource://gre/modules/FileUtils.jsm :: FileUtils_getDir :: line 70"  data: no] Stack trace: FileUtils_getDir()@resource://gre/modules/FileUtils.jsm:70 < FileUtils_getFile()@resource://gre/modules/FileUtils.jsm:42 < AMI_validateBlocklist()@resource://gre/modules/AddonManager.jsm:738 < AMI_startup()@resource://gre/modules/AddonManager.jsm:898 < AMP_startup()@resource://gre/modules/AddonManager.jsm:2673 < AMC_observe()@resource://gre/components/addonManager.js:58 < <file:unknown>
1530277109636	addons.manager	DEBUG	Completed startup sequence
JavaScript error: resource:///modules/devtools/gDevTools.jsm, line 967: NS_ERROR_UNEXPECTED: Component returned failure code: 0x8000ffff (NS_ERROR_UNEXPECTED) [nsIPrefBranch.getCharPref]

	at org.openqa.selenium.firefox.internal.NewProfileExtensionConnection.start(NewProfileExtensionConnection.java:112)
	... 31 more
... Removed 24 stack frames]]>
    </failure>
  </testcase> <!-- Fun1 -->
</testsuite> <!-- Test -->
