<?xml version="1.0" encoding="UTF-8"?>
<!-- Generated by org.testng.reporters.JUnitXMLReporter -->
<testsuite hostname="VAD011020721" ignored="0" name="Default test" tests="4" failures="0" timestamp="21 Aug 2018 12:38:31 GMT" time="0.072" errors="0">
  <testcase name="t1" time="0.014" classname="com.count_annotation.Test4"/>
  <testcase name="t2" time="0.002" classname="com.count_annotation.Test4"/>
  <testcase name="t3" time="0.002" classname="com.count_annotation.Test4"/>
  <testcase name="t4" time="0.002" classname="com.count_annotation.Test4"/>
</testsuite> <!-- Default test -->
